<?xml version="1.0" encoding="UTF-8"?>
<!-- Generated by org.testng.reporters.JUnitReportReporter -->
<testsuite hostname="LAPTOP-QMTC14CJ" failures="0" tests="9" name="testCases.UserManagementTestCases" time="109.650" errors="0" timestamp="31 May 2023 09:14:34 GMT" skipped="0">
  <testcase classname="testCases.UserManagementTestCases" name="isMenuExpansionDisplayed" time="9.620"/>
  <testcase classname="testCases.UserManagementTestCases" name="addNewUserWithValidData" time="11.854"/>
  <testcase classname="testCases.UserManagementTestCases" name="addNewUserWithValidData" time="15.167"/>
  <testcase classname="testCases.UserManagementTestCases" name="addNewUserWithValidData" time="12.752"/>
  <testcase classname="testCases.UserManagementTestCases" name="addNewUserwithExistingUserName" time="11.830"/>
  <testcase classname="testCases.UserManagementTestCases" name="addNewUserwithExistingUserName" time="11.364"/>
  <testcase classname="testCases.UserManagementTestCases" name="addNewUserwithExistingUserName" time="10.913"/>
  <testcase classname="testCases.UserManagementTestCases" name="editRolePermission" time="14.436"/>
  <testcase classname="testCases.UserManagementTestCases" name="checkSearchFunctionality" time="11.714"/>
</testsuite> <!-- testCases.UserManagementTestCases -->
