<?xml version="1.0" encoding="UTF-8"?>
<!-- Generated by org.testng.reporters.JUnitReportReporter -->
<testsuite hostname="LAPTOP-QMTC14CJ" failures="0" tests="2" name="testCases.HomePageTestCases" time="19.556" errors="0" timestamp="31 May 2023 09:14:34 GMT" skipped="0">
  <testcase classname="testCases.HomePageTestCases" name="isCalculatorDisplayedOnIconClick" time="10.315"/>
  <testcase classname="testCases.HomePageTestCases" name="isUserAbleToLogOut" time="9.241"/>
</testsuite> <!-- testCases.HomePageTestCases -->
