<?xml version="1.0" encoding="UTF-8"?>
<!-- Generated by org.testng.reporters.JUnitReportReporter -->
<testsuite hostname="LAPTOP-QMTC14CJ" failures="0" tests="4" name="testCases.LoginPageTestCases" time="26.729" errors="0" timestamp="31 May 2023 09:14:34 GMT" skipped="0">
  <testcase classname="testCases.LoginPageTestCases" name="loginUsingValidCredentials" time="5.737"/>
  <testcase classname="testCases.LoginPageTestCases" name="loginUsingInvalidCredentials" time="6.056"/>
  <testcase classname="testCases.LoginPageTestCases" name="passwordResetWithValidEmail" time="7.206"/>
  <testcase classname="testCases.LoginPageTestCases" name="passwordResetWithInvalidEmail" time="7.730"/>
</testsuite> <!-- testCases.LoginPageTestCases -->
